pm_mysql/app/build/intermediates/manifest_merge_blame_file/debug/manifest-merger-blame-debug-report.txt
1<?xml version="1.0" encoding="utf-8"?>
2<manifest xmlns:android="http://schemas.android.com/apk/res/android"
3    package="com.example.pm_mysql"
4    android:versionCode="1"
5    android:versionName="1.0" >
6
7    <uses-sdk
8        android:minSdkVersion="24"
9        android:targetSdkVersion="33" />
10
11    <uses-permission android:name="android.permission.INTERNET" />
11-->src\main\AndroidManifest.xml:4:5-67
11-->src\main\AndroidManifest.xml:4:22-64
12    <uses-permission android:name="android.permission.ACCESS_NETWORK_STATE" />
12-->src\main\AndroidManifest.xml:5:5-79
12-->src\main\AndroidManifest.xml:5:22-76
13
14    <permission
14-->[androidx.core:core:1.9.0] AndroidManifest.xml:22:5-24:47
15        android:name="com.example.pm_mysql.DYNAMIC_RECEIVER_NOT_EXPORTED_PERMISSION"
15-->[androidx.core:core:1.9.0] AndroidManifest.xml:23:9-81
16        android:protectionLevel="signature" />
16-->[androidx.core:core:1.9.0] AndroidManifest.xml:24:9-44
17
18    <uses-permission android:name="com.example.pm_mysql.DYNAMIC_RECEIVER_NOT_EXPORTED_PERMISSION" />
18-->[androidx.core:core:1.9.0] AndroidManifest.xml:26:5-97
18-->[androidx.core:core:1.9.0] AndroidManifest.xml:26:22-94
19
20    <application
20-->src\main\AndroidManifest.xml:7:5-42:19
21        android:allowBackup="true"
21-->src\main\AndroidManifest.xml:9:9-35
22        android:appComponentFactory="androidx.core.app.CoreComponentFactory"
22-->[androidx.core:core:1.9.0] AndroidManifest.xml:28:18-86
23        android:dataExtractionRules="@xml/data_extraction_rules"
23-->src\main\AndroidManifest.xml:10:9-65
24        android:debuggable="true"
25        android:extractNativeLibs="false"
26        android:fullBackupContent="@xml/backup_rules"
26-->src\main\AndroidManifest.xml:11:9-54
27        android:icon="@mipmap/ic_launcher"
27-->src\main\AndroidManifest.xml:12:9-43
28        android:label="@string/app_name"
28-->src\main\AndroidManifest.xml:13:9-41
29        android:roundIcon="@mipmap/ic_launcher_round"
29-->src\main\AndroidManifest.xml:14:9-54
30        android:supportsRtl="true"
30-->src\main\AndroidManifest.xml:15:9-35
31        android:testOnly="true"
32        android:theme="@style/Theme.Pm_mysql"
32-->src\main\AndroidManifest.xml:16:9-46
33        android:usesCleartextTraffic="true" >
33-->src\main\AndroidManifest.xml:8:9-44
34        <activity
34-->src\main\AndroidManifest.xml:18:9-20:40
35            android:name="com.example.pm_mysql.MenuGeneralActivity"
35-->src\main\AndroidManifest.xml:19:13-48
36            android:exported="false" />
36-->src\main\AndroidManifest.xml:20:13-37
37        <activity
37-->src\main\AndroidManifest.xml:21:9-23:40
38            android:name="com.example.pm_mysql.AgregarNuevoJuegoActivity"
38-->src\main\AndroidManifest.xml:22:13-54
39            android:exported="false" />
39-->src\main\AndroidManifest.xml:23:13-37
40        <activity
40-->src\main\AndroidManifest.xml:24:9-26:40
41            android:name="com.example.pm_mysql.ModificarJuegoActivity"
41-->src\main\AndroidManifest.xml:25:13-51
42            android:exported="false" />
42-->src\main\AndroidManifest.xml:26:13-37
43        <activity
43-->src\main\AndroidManifest.xml:27:9-29:40
44            android:name="com.example.pm_mysql.MostrarCatalogoActivity"
44-->src\main\AndroidManifest.xml:28:13-52
45            android:exported="false" />
45-->src\main\AndroidManifest.xml:29:13-37
46        <activity
46-->src\main\AndroidManifest.xml:30:9-32:40
47            android:name="com.example.pm_mysql.CrearCuentaActivity"
47-->src\main\AndroidManifest.xml:31:13-48
48            android:exported="false" />
48-->src\main\AndroidManifest.xml:32:13-37
49        <activity
49-->src\main\AndroidManifest.xml:33:9-41:20
50            android:name="com.example.pm_mysql.AutenticacionActivity"
50-->src\main\AndroidManifest.xml:34:13-50
51            android:exported="true" >
51-->src\main\AndroidManifest.xml:35:13-36
52            <intent-filter>
52-->src\main\AndroidManifest.xml:36:13-40:29
53                <action android:name="android.intent.action.MAIN" />
53-->src\main\AndroidManifest.xml:37:17-69
53-->src\main\AndroidManifest.xml:37:25-66
54
55                <category android:name="android.intent.category.LAUNCHER" />
55-->src\main\AndroidManifest.xml:39:17-77
55-->src\main\AndroidManifest.xml:39:27-74
56            </intent-filter>
57        </activity>
58
59        <provider
59-->[androidx.emoji2:emoji2:1.2.0] AndroidManifest.xml:24:9-32:20
60            android:name="androidx.startup.InitializationProvider"
60-->[androidx.emoji2:emoji2:1.2.0] AndroidManifest.xml:25:13-67
61            android:authorities="com.example.pm_mysql.androidx-startup"
61-->[androidx.emoji2:emoji2:1.2.0] AndroidManifest.xml:26:13-68
62            android:exported="false" >
62-->[androidx.emoji2:emoji2:1.2.0] AndroidManifest.xml:27:13-37
63            <meta-data
63-->[androidx.emoji2:emoji2:1.2.0] AndroidManifest.xml:29:13-31:52
64                android:name="androidx.emoji2.text.EmojiCompatInitializer"
64-->[androidx.emoji2:emoji2:1.2.0] AndroidManifest.xml:30:17-75
65                android:value="androidx.startup" />
65-->[androidx.emoji2:emoji2:1.2.0] AndroidManifest.xml:31:17-49
66            <meta-data
66-->[androidx.lifecycle:lifecycle-process:2.6.1] AndroidManifest.xml:29:13-31:52
67                android:name="androidx.lifecycle.ProcessLifecycleInitializer"
67-->[androidx.lifecycle:lifecycle-process:2.6.1] AndroidManifest.xml:30:17-78
68                android:value="androidx.startup" />
68-->[androidx.lifecycle:lifecycle-process:2.6.1] AndroidManifest.xml:31:17-49
69            <meta-data
69-->[androidx.profileinstaller:profileinstaller:1.3.0] AndroidManifest.xml:29:13-31:52
70                android:name="androidx.profileinstaller.ProfileInstallerInitializer"
70-->[androidx.profileinstaller:profileinstaller:1.3.0] AndroidManifest.xml:30:17-85
71                android:value="androidx.startup" />
71-->[androidx.profileinstaller:profileinstaller:1.3.0] AndroidManifest.xml:31:17-49
72        </provider>
73
74        <receiver
74-->[androidx.profileinstaller:profileinstaller:1.3.0] AndroidManifest.xml:34:9-52:20
75            android:name="androidx.profileinstaller.ProfileInstallReceiver"
75-->[androidx.profileinstaller:profileinstaller:1.3.0] AndroidManifest.xml:35:13-76
76            android:directBootAware="false"
76-->[androidx.profileinstaller:profileinstaller:1.3.0] AndroidManifest.xml:36:13-44
77            android:enabled="true"
77-->[androidx.profileinstaller:profileinstaller:1.3.0] AndroidManifest.xml:37:13-35
78            android:exported="true"
78-->[androidx.profileinstaller:profileinstaller:1.3.0] AndroidManifest.xml:38:13-36
79            android:permission="android.permission.DUMP" >
79-->[androidx.profileinstaller:profileinstaller:1.3.0] AndroidManifest.xml:39:13-57
80            <intent-filter>
80-->[androidx.profileinstaller:profileinstaller:1.3.0] AndroidManifest.xml:40:13-42:29
81                <action android:name="androidx.profileinstaller.action.INSTALL_PROFILE" />
81-->[androidx.profileinstaller:profileinstaller:1.3.0] AndroidManifest.xml:41:17-91
81-->[androidx.profileinstaller:profileinstaller:1.3.0] AndroidManifest.xml:41:25-88
82            </intent-filter>
83            <intent-filter>
83-->[androidx.profileinstaller:profileinstaller:1.3.0] AndroidManifest.xml:43:13-45:29
84                <action android:name="androidx.profileinstaller.action.SKIP_FILE" />
84-->[androidx.profileinstaller:profileinstaller:1.3.0] AndroidManifest.xml:44:17-85
84-->[androidx.profileinstaller:profileinstaller:1.3.0] AndroidManifest.xml:44:25-82
85            </intent-filter>
86            <intent-filter>
86-->[androidx.profileinstaller:profileinstaller:1.3.0] AndroidManifest.xml:46:13-48:29
87                <action android:name="androidx.profileinstaller.action.SAVE_PROFILE" />
87-->[androidx.profileinstaller:profileinstaller:1.3.0] AndroidManifest.xml:47:17-88
87-->[androidx.profileinstaller:profileinstaller:1.3.0] AndroidManifest.xml:47:25-85
88            </intent-filter>
89            <intent-filter>
89-->[androidx.profileinstaller:profileinstaller:1.3.0] AndroidManifest.xml:49:13-51:29
90                <action android:name="androidx.profileinstaller.action.BENCHMARK_OPERATION" />
90-->[androidx.profileinstaller:profileinstaller:1.3.0] AndroidManifest.xml:50:17-95
90-->[androidx.profileinstaller:profileinstaller:1.3.0] AndroidManifest.xml:50:25-92
91            </intent-filter>
92        </receiver>
93    </application>
94
95</manifest>